[2m2021-05-22 00:06:12.295[0;39m [32m INFO[0;39m [35m8247[0;39m [2m---[0;39m [2m[(433)-127.0.0.1][0;39m [36minMXBeanRegistrar$SpringApplicationAdmin[0;39m [2m:[0;39m Application shutdown requested.
[2m2021-05-22 00:06:12.316[0;39m [32m INFO[0;39m [35m8247[0;39m [2m---[0;39m [2m[(433)-127.0.0.1][0;39m [36mo.s.s.concurrent.ThreadPoolTaskExecutor [0;39m [2m:[0;39m Shutting down ExecutorService 'applicationTaskExecutor'
[2m2021-05-22 00:06:20.831[0;39m [32m INFO[0;39m [35m15934[0;39m [2m---[0;39m [2m[  restartedMain][0;39m [36m.e.DevToolsPropertyDefaultsPostProcessor[0;39m [2m:[0;39m Devtools property defaults active! Set 'spring.devtools.add-properties' to 'false' to disable
[2m2021-05-22 00:06:20.832[0;39m [32m INFO[0;39m [35m15934[0;39m [2m---[0;39m [2m[  restartedMain][0;39m [36m.e.DevToolsPropertyDefaultsPostProcessor[0;39m [2m:[0;39m For additional web related logging consider setting the 'logging.level.web' property to 'DEBUG'
[2m2021-05-22 00:06:21.205[0;39m [33m WARN[0;39m [35m15934[0;39m [2m---[0;39m [2m[  restartedMain][0;39m [36mo.m.s.mapper.ClassPathMapperScanner     [0;39m [2m:[0;39m No MyBatis mapper was found in '[com.ssafy.house]' package. Please check your configuration.
[2m2021-05-22 00:06:21.418[0;39m [32m INFO[0;39m [35m15934[0;39m [2m---[0;39m [2m[  restartedMain][0;39m [36mo.s.b.w.embedded.tomcat.TomcatWebServer [0;39m [2m:[0;39m Tomcat initialized with port(s): 8197 (http)
[2m2021-05-22 00:06:21.505[0;39m [32m INFO[0;39m [35m15934[0;39m [2m---[0;39m [2m[  restartedMain][0;39m [36mw.s.c.ServletWebServerApplicationContext[0;39m [2m:[0;39m Root WebApplicationContext: initialization completed in 672 ms
[2m2021-05-22 00:06:21.918[0;39m [32m INFO[0;39m [35m15934[0;39m [2m---[0;39m [2m[  restartedMain][0;39m [36mo.s.s.concurrent.ThreadPoolTaskExecutor [0;39m [2m:[0;39m Initializing ExecutorService 'applicationTaskExecutor'
[2m2021-05-22 00:06:21.935[0;39m [32m INFO[0;39m [35m15934[0;39m [2m---[0;39m [2m[  restartedMain][0;39m [36mo.s.b.d.a.OptionalLiveReloadServer      [0;39m [2m:[0;39m LiveReload server is running on port 35729
[2m2021-05-22 00:06:22.027[0;39m [32m INFO[0;39m [35m15934[0;39m [2m---[0;39m [2m[  restartedMain][0;39m [36mo.s.b.w.embedded.tomcat.TomcatWebServer [0;39m [2m:[0;39m Tomcat started on port(s): 8197 (http) with context path '/happyhouse'
[2m2021-05-22 00:06:38.420[0;39m [32m INFO[0;39m [35m15934[0;39m [2m---[0;39m [2m[nio-8197-exec-1][0;39m [36mo.s.web.servlet.DispatcherServlet       [0;39m [2m:[0;39m Initializing Servlet 'dispatcherServlet'
[2m2021-05-22 00:06:38.421[0;39m [32m INFO[0;39m [35m15934[0;39m [2m---[0;39m [2m[nio-8197-exec-1][0;39m [36mo.s.web.servlet.DispatcherServlet       [0;39m [2m:[0;39m Completed initialization in 1 ms
[2m2021-05-22 00:28:21.751[0;39m [32m INFO[0;39m [35m15934[0;39m [2m---[0;39m [2m[n(30)-127.0.0.1][0;39m [36minMXBeanRegistrar$SpringApplicationAdmin[0;39m [2m:[0;39m Application shutdown requested.
[2m2021-05-22 00:28:21.781[0;39m [32m INFO[0;39m [35m15934[0;39m [2m---[0;39m [2m[n(30)-127.0.0.1][0;39m [36mo.s.s.concurrent.ThreadPoolTaskExecutor [0;39m [2m:[0;39m Shutting down ExecutorService 'applicationTaskExecutor'
[2m2021-05-22 09:49:28.357[0;39m [32m INFO[0;39m [35m838[0;39m [2m---[0;39m [2m[  restartedMain][0;39m [36m.e.DevToolsPropertyDefaultsPostProcessor[0;39m [2m:[0;39m Devtools property defaults active! Set 'spring.devtools.add-properties' to 'false' to disable
[2m2021-05-22 09:49:28.358[0;39m [32m INFO[0;39m [35m838[0;39m [2m---[0;39m [2m[  restartedMain][0;39m [36m.e.DevToolsPropertyDefaultsPostProcessor[0;39m [2m:[0;39m For additional web related logging consider setting the 'logging.level.web' property to 'DEBUG'
[2m2021-05-22 09:49:28.759[0;39m [33m WARN[0;39m [35m838[0;39m [2m---[0;39m [2m[  restartedMain][0;39m [36mo.m.s.mapper.ClassPathMapperScanner     [0;39m [2m:[0;39m No MyBatis mapper was found in '[com.ssafy.house]' package. Please check your configuration.
[2m2021-05-22 09:49:28.976[0;39m [32m INFO[0;39m [35m838[0;39m [2m---[0;39m [2m[  restartedMain][0;39m [36mo.s.b.w.embedded.tomcat.TomcatWebServer [0;39m [2m:[0;39m Tomcat initialized with port(s): 8197 (http)
[2m2021-05-22 09:49:29.077[0;39m [32m INFO[0;39m [35m838[0;39m [2m---[0;39m [2m[  restartedMain][0;39m [36mw.s.c.ServletWebServerApplicationContext[0;39m [2m:[0;39m Root WebApplicationContext: initialization completed in 719 ms
[2m2021-05-22 09:49:29.499[0;39m [32m INFO[0;39m [35m838[0;39m [2m---[0;39m [2m[  restartedMain][0;39m [36mo.s.s.concurrent.ThreadPoolTaskExecutor [0;39m [2m:[0;39m Initializing ExecutorService 'applicationTaskExecutor'
[2m2021-05-22 09:49:29.516[0;39m [32m INFO[0;39m [35m838[0;39m [2m---[0;39m [2m[  restartedMain][0;39m [36mo.s.b.d.a.OptionalLiveReloadServer      [0;39m [2m:[0;39m LiveReload server is running on port 35729
[2m2021-05-22 09:49:29.607[0;39m [32m INFO[0;39m [35m838[0;39m [2m---[0;39m [2m[  restartedMain][0;39m [36mo.s.b.w.embedded.tomcat.TomcatWebServer [0;39m [2m:[0;39m Tomcat started on port(s): 8197 (http) with context path '/happyhouse'
[2m2021-05-22 09:50:32.382[0;39m [32m INFO[0;39m [35m838[0;39m [2m---[0;39m [2m[nio-8197-exec-1][0;39m [36mo.s.web.servlet.DispatcherServlet       [0;39m [2m:[0;39m Initializing Servlet 'dispatcherServlet'
[2m2021-05-22 09:50:32.383[0;39m [32m INFO[0;39m [35m838[0;39m [2m---[0;39m [2m[nio-8197-exec-1][0;39m [36mo.s.web.servlet.DispatcherServlet       [0;39m [2m:[0;39m Completed initialization in 1 ms
[2m2021-05-22 14:31:06.656[0;39m [33m WARN[0;39m [35m838[0;39m [2m---[0;39m [2m[l-1 housekeeper][0;39m [36mcom.zaxxer.hikari.pool.HikariPool       [0;39m [2m:[0;39m HikariPool-1 - Thread starvation or clock leap detected (housekeeper delta=2m26s135ms).
[2m2021-05-22 14:37:16.209[0;39m [33m WARN[0;39m [35m838[0;39m [2m---[0;39m [2m[l-1 housekeeper][0;39m [36mcom.zaxxer.hikari.pool.HikariPool       [0;39m [2m:[0;39m HikariPool-1 - Thread starvation or clock leap detected (housekeeper delta=6m9s554ms).
[2m2021-05-22 14:38:36.465[0;39m [33m WARN[0;39m [35m838[0;39m [2m---[0;39m [2m[l-1 housekeeper][0;39m [36mcom.zaxxer.hikari.pool.HikariPool       [0;39m [2m:[0;39m HikariPool-1 - Thread starvation or clock leap detected (housekeeper delta=50s246ms).
[2m2021-05-22 14:54:39.094[0;39m [33m WARN[0;39m [35m838[0;39m [2m---[0;39m [2m[l-1 housekeeper][0;39m [36mcom.zaxxer.hikari.pool.HikariPool       [0;39m [2m:[0;39m HikariPool-1 - Thread starvation or clock leap detected (housekeeper delta=16m2s629ms).
[2m2021-05-22 15:10:22.691[0;39m [33m WARN[0;39m [35m838[0;39m [2m---[0;39m [2m[l-1 housekeeper][0;39m [36mcom.zaxxer.hikari.pool.HikariPool       [0;39m [2m:[0;39m HikariPool-1 - Thread starvation or clock leap detected (housekeeper delta=15m13s590ms).
[2m2021-05-22 16:57:02.070[0;39m [32m INFO[0;39m [35m838[0;39m [2m---[0;39m [2m[(391)-127.0.0.1][0;39m [36minMXBeanRegistrar$SpringApplicationAdmin[0;39m [2m:[0;39m Application shutdown requested.
[2m2021-05-22 16:57:02.093[0;39m [32m INFO[0;39m [35m838[0;39m [2m---[0;39m [2m[(391)-127.0.0.1][0;39m [36mo.s.s.concurrent.ThreadPoolTaskExecutor [0;39m [2m:[0;39m Shutting down ExecutorService 'applicationTaskExecutor'
